[0.008s] Invoking command in '/home/pawan/dev_ws/build/my_robot': /usr/bin/cmake --build /home/pawan/dev_ws/build/my_robot -- -j20 -l20
[0.027s] -- Found ament_cmake: 1.3.12 (/opt/ros/humble/share/ament_cmake/cmake)
[0.119s] -- Found rclpy: 3.3.17 (/opt/ros/humble/share/rclpy/cmake)
[0.119s] -- Found std_msgs: 4.9.0 (/opt/ros/humble/share/std_msgs/cmake)
[0.135s] -- Found rosidl_generator_c: 3.1.7 (/opt/ros/humble/share/rosidl_generator_c/cmake)
[0.136s] -- Found rosidl_adapter: 3.1.7 (/opt/ros/humble/share/rosidl_adapter/cmake)
[0.140s] -- Found rosidl_generator_cpp: 3.1.7 (/opt/ros/humble/share/rosidl_generator_cpp/cmake)
[0.146s] -- Using all available rosidl_typesupport_c: rosidl_typesupport_fastrtps_c;rosidl_typesupport_introspection_c
[0.154s] -- Using all available rosidl_typesupport_cpp: rosidl_typesupport_fastrtps_cpp;rosidl_typesupport_introspection_cpp
[0.168s] -- Found tf2_ros: 0.25.16 (/opt/ros/humble/share/tf2_ros/cmake)
[0.198s] -- Found rmw_implementation_cmake: 6.1.2 (/opt/ros/humble/share/rmw_implementation_cmake/cmake)
[0.199s] -- Found rmw_fastrtps_cpp: 6.2.8 (/opt/ros/humble/share/rmw_fastrtps_cpp/cmake)
[0.277s] -- Using RMW implementation 'rmw_fastrtps_cpp' as default
[0.401s] Error parsing '/home/pawan/dev_ws/src/my_robot/package.xml':
[0.438s] Traceback (most recent call last):
[0.438s]   File "/opt/ros/humble/share/ament_cmake_core/cmake/core/package_xml_2_cmake.py", line 150, in <module>
[0.438s]     main()
[0.438s]   File "/opt/ros/humble/share/ament_cmake_core/cmake/core/package_xml_2_cmake.py", line 53, in main
[0.438s]     raise e
[0.438s]   File "/opt/ros/humble/share/ament_cmake_core/cmake/core/package_xml_2_cmake.py", line 49, in main
[0.438s]     package = parse_package_string(
[0.438s]   File "/usr/lib/python3/dist-packages/catkin_pkg/package.py", line 786, in parse_package_string
[0.440s]     raise InvalidPackage('Error(s):%s' % (''.join(['\n- %s' % e for e in errors])), filename)
[0.440s] catkin_pkg.package.InvalidPackage: Error(s) in package '/home/pawan/dev_ws/src/my_robot/package.xml':
[0.440s] Error(s):
[0.440s] - The generic dependency on 'sensor_msgs' is redundant with: build_depend, build_export_depend, exec_depend
[0.451s] [31mCMake Error at /opt/ros/humble/share/ament_cmake_core/cmake/core/ament_package_xml.cmake:95 (message):
[0.451s]   execute_process(/usr/bin/python3
[0.451s]   /opt/ros/humble/share/ament_cmake_core/cmake/core/package_xml_2_cmake.py
[0.451s]   /home/pawan/dev_ws/src/my_robot/package.xml
[0.451s]   /home/pawan/dev_ws/build/my_robot/ament_cmake_core/package.cmake) returned
[0.451s]   error code 1
[0.451s] Call Stack (most recent call first):
[0.451s]   /opt/ros/humble/share/ament_cmake_core/cmake/core/ament_package_xml.cmake:49 (_ament_package_xml)
[0.451s]   /opt/ros/humble/share/ament_cmake_python/cmake/ament_python_install_package.cmake:60 (ament_package_xml)
[0.451s]   /opt/ros/humble/share/ament_cmake_python/cmake/ament_python_install_package.cmake:39 (_ament_cmake_python_install_package)
[0.451s]   CMakeLists.txt:17 (ament_python_install_package)
[0.452s] 
[0.452s] [0m
[0.452s] -- Configuring incomplete, errors occurred!
[0.452s] See also "/home/pawan/dev_ws/build/my_robot/CMakeFiles/CMakeOutput.log".
[0.456s] gmake: *** [Makefile:254: cmake_check_build_system] Error 1
[0.458s] Invoked command in '/home/pawan/dev_ws/build/my_robot' returned '2': /usr/bin/cmake --build /home/pawan/dev_ws/build/my_robot -- -j20 -l20
